TN:
SF:app.js
FN:20,(anonymous_0)
FN:24,(anonymous_1)
FN:32,(anonymous_2)
FN:39,(anonymous_3)
FNF:4
FNH:2
FNDA:1,(anonymous_0)
FNDA:0,(anonymous_1)
FNDA:0,(anonymous_2)
FNDA:1,(anonymous_3)
DA:9,1
DA:11,1
DA:17,1
DA:18,1
DA:19,1
DA:21,1
DA:25,0
DA:29,1
DA:30,1
DA:32,1
DA:33,0
DA:34,0
DA:37,1
DA:39,1
DA:40,1
DA:41,0
DA:42,0
DA:44,1
DA:47,1
LF:19
LH:14
BRDA:37,0,0,1
BRDA:37,0,1,0
BRDA:40,1,0,0
BRDA:40,1,1,1
BRF:4
BRH:2
end_of_record
TN:
SF:controllers\authopera.js
FN:20,(anonymous_0)
FN:59,(anonymous_1)
FN:175,(anonymous_2)
FNF:3
FNH:0
FNDA:0,(anonymous_0)
FNDA:0,(anonymous_1)
FNDA:0,(anonymous_2)
DA:10,1
DA:15,1
DA:20,1
DA:21,0
DA:23,0
DA:25,0
DA:27,0
DA:28,0
DA:29,0
DA:31,0
DA:35,0
DA:37,0
DA:38,0
DA:39,0
DA:40,0
DA:43,0
DA:45,0
DA:47,0
DA:48,0
DA:53,0
DA:54,0
DA:59,1
DA:62,0
DA:64,0
DA:65,0
DA:66,0
DA:68,0
DA:69,0
DA:72,0
DA:74,0
DA:76,0
DA:77,0
DA:80,0
DA:81,0
DA:82,0
DA:85,0
DA:87,0
DA:89,0
DA:90,0
DA:91,0
DA:99,0
DA:100,0
DA:101,0
DA:104,0
DA:105,0
DA:115,0
DA:116,0
DA:123,0
DA:125,0
DA:130,0
DA:131,0
DA:175,1
DA:177,0
DA:180,0
DA:181,0
DA:182,0
DA:184,0
DA:186,0
DA:190,0
DA:191,0
DA:192,0
DA:194,0
DA:196,0
DA:198,0
DA:199,0
DA:203,0
DA:204,0
DA:205,0
DA:207,0
DA:208,0
DA:209,0
DA:213,0
DA:214,0
LF:73
LH:5
BRDA:27,0,0,0
BRDA:27,0,1,0
BRDA:27,1,0,0
BRDA:27,1,1,0
BRDA:27,1,2,0
BRDA:27,1,3,0
BRDA:39,2,0,0
BRDA:39,2,1,0
BRDA:66,3,0,0
BRDA:66,3,1,0
BRDA:68,4,0,0
BRDA:68,4,1,0
BRDA:74,5,0,0
BRDA:74,5,1,0
BRDA:89,6,0,0
BRDA:89,6,1,0
BRDA:182,7,0,0
BRDA:182,7,1,0
BRDA:184,8,0,0
BRDA:184,8,1,0
BRDA:198,9,0,0
BRDA:198,9,1,0
BRF:22
BRH:0
end_of_record
TN:
SF:controllers\eventopera.js
FN:14,(anonymous_0)
FN:62,(anonymous_1)
FN:130,(anonymous_2)
FN:148,(anonymous_3)
FN:206,(anonymous_4)
FN:245,(anonymous_5)
FN:272,(anonymous_6)
FN:369,(anonymous_7)
FN:386,(anonymous_8)
FN:475,(anonymous_9)
FNF:10
FNH:0
FNDA:0,(anonymous_0)
FNDA:0,(anonymous_1)
FNDA:0,(anonymous_2)
FNDA:0,(anonymous_3)
FNDA:0,(anonymous_4)
FNDA:0,(anonymous_5)
FNDA:0,(anonymous_6)
FNDA:0,(anonymous_7)
FNDA:0,(anonymous_8)
FNDA:0,(anonymous_9)
DA:7,1
DA:14,1
DA:16,0
DA:18,0
DA:21,0
DA:22,0
DA:24,0
DA:25,0
DA:31,0
DA:32,0
DA:33,0
DA:49,0
DA:50,0
DA:51,0
DA:55,0
DA:62,1
DA:63,0
DA:66,0
DA:69,0
DA:70,0
DA:71,0
DA:72,0
DA:73,0
DA:74,0
DA:79,0
DA:86,0
DA:88,0
DA:89,0
DA:92,0
DA:95,0
DA:97,0
DA:98,0
DA:101,0
DA:123,0
DA:130,1
DA:132,0
DA:133,0
DA:135,0
DA:136,0
DA:139,0
DA:142,0
DA:148,1
DA:150,0
DA:151,0
DA:154,0
DA:155,0
DA:157,0
DA:158,0
DA:165,0
DA:166,0
DA:167,0
DA:169,0
DA:170,0
DA:174,0
DA:176,0
DA:177,0
DA:178,0
DA:179,0
DA:180,0
DA:189,0
DA:192,0
DA:193,0
DA:196,0
DA:199,0
DA:206,1
DA:209,0
DA:211,0
DA:213,0
DA:214,0
DA:217,0
DA:219,0
DA:220,0
DA:221,0
DA:223,0
DA:226,0
DA:227,0
DA:232,0
DA:245,1
DA:246,0
DA:247,0
DA:249,0
DA:253,0
DA:254,0
DA:257,0
DA:261,0
DA:262,0
DA:263,0
DA:266,0
DA:272,1
DA:274,0
DA:280,0
DA:285,0
DA:287,0
DA:288,0
DA:292,0
DA:293,0
DA:299,0
DA:303,0
DA:304,0
DA:306,0
DA:307,0
DA:308,0
DA:309,0
DA:311,0
DA:312,0
DA:313,0
DA:314,0
DA:315,0
DA:316,0
DA:317,0
DA:318,0
DA:321,0
DA:322,0
DA:323,0
DA:324,0
DA:325,0
DA:327,0
DA:329,0
DA:346,0
DA:347,0
DA:348,0
DA:352,0
DA:355,0
DA:359,0
DA:362,0
DA:369,1
DA:371,0
DA:372,0
DA:373,0
DA:375,0
DA:379,0
DA:386,1
DA:388,0
DA:390,0
DA:391,0
DA:392,0
DA:393,0
DA:395,0
DA:396,0
DA:400,0
DA:403,0
DA:404,0
DA:410,0
DA:411,0
DA:415,0
DA:416,0
DA:419,0
DA:421,0
DA:422,0
DA:424,0
DA:425,0
DA:426,0
DA:427,0
DA:428,0
DA:429,0
DA:430,0
DA:431,0
DA:432,0
DA:433,0
DA:434,0
DA:438,0
DA:439,0
DA:442,0
DA:443,0
DA:444,0
DA:445,0
DA:446,0
DA:447,0
DA:448,0
DA:449,0
DA:450,0
DA:451,0
DA:452,0
DA:458,0
DA:459,0
DA:460,0
DA:462,0
DA:468,0
DA:475,1
DA:476,0
DA:478,0
DA:479,0
DA:480,0
DA:482,0
DA:484,0
DA:489,0
LF:186
LH:11
BRDA:24,0,0,0
BRDA:24,0,1,0
BRDA:69,1,0,0
BRDA:69,1,1,0
BRDA:88,2,0,0
BRDA:88,2,1,0
BRDA:97,3,0,0
BRDA:97,3,1,0
BRDA:97,4,0,0
BRDA:97,4,1,0
BRDA:135,5,0,0
BRDA:135,5,1,0
BRDA:135,6,0,0
BRDA:135,6,1,0
BRDA:157,7,0,0
BRDA:157,7,1,0
BRDA:169,8,0,0
BRDA:169,8,1,0
BRDA:169,9,0,0
BRDA:169,9,1,0
BRDA:176,10,0,0
BRDA:176,10,1,0
BRDA:177,11,0,0
BRDA:177,11,1,0
BRDA:178,12,0,0
BRDA:178,12,1,0
BRDA:179,13,0,0
BRDA:179,13,1,0
BRDA:180,14,0,0
BRDA:180,14,1,0
BRDA:192,15,0,0
BRDA:192,15,1,0
BRDA:213,16,0,0
BRDA:213,16,1,0
BRDA:213,17,0,0
BRDA:213,17,1,0
BRDA:253,18,0,0
BRDA:253,18,1,0
BRDA:287,19,0,0
BRDA:287,19,1,0
BRDA:292,20,0,0
BRDA:292,20,1,0
BRDA:395,21,0,0
BRDA:395,21,1,0
BRDA:395,22,0,0
BRDA:395,22,1,0
BRDA:403,23,0,0
BRDA:403,23,1,0
BRDA:410,24,0,0
BRDA:410,24,1,0
BRDA:415,25,0,0
BRDA:415,25,1,0
BRDA:419,26,0,0
BRDA:419,26,1,0
BRDA:421,27,0,0
BRDA:421,27,1,0
BRDA:438,28,0,0
BRDA:438,28,1,0
BRDA:479,29,0,0
BRDA:479,29,1,0
BRDA:479,30,0,0
BRDA:479,30,1,0
BRF:62
BRH:0
end_of_record
TN:
SF:middleware\authmiddle.js
FN:11,(anonymous_0)
FNF:1
FNH:0
FNDA:0,(anonymous_0)
DA:4,1
DA:12,0
DA:13,0
DA:15,0
DA:16,0
DA:19,0
DA:22,0
DA:24,0
DA:25,0
DA:28,0
DA:30,0
DA:33,0
DA:34,0
DA:39,0
DA:40,0
DA:46,0
DA:47,0
LF:17
LH:1
BRDA:13,0,0,0
BRDA:13,0,1,0
BRDA:15,1,0,0
BRDA:15,1,1,0
BRDA:33,2,0,0
BRDA:33,2,1,0
BRDA:33,3,0,0
BRDA:33,3,1,0
BRF:8
BRH:0
end_of_record
TN:
SF:middleware\roleauth.js
FN:12,(anonymous_0)
FN:13,(anonymous_1)
FNF:2
FNH:0
FNDA:0,(anonymous_0)
FNDA:0,(anonymous_1)
DA:6,1
DA:13,0
DA:15,0
DA:16,0
LF:4
LH:1
BRDA:15,0,0,0
BRDA:15,0,1,0
BRF:2
BRH:0
end_of_record
TN:
SF:models\EMB.js
FNF:0
FNH:0
DA:6,1
DA:10,1
LF:2
LH:2
BRF:0
BRH:0
end_of_record
TN:
SF:models\EventLoc.js
FNF:0
FNH:0
DA:11,1
LF:1
LH:1
BRF:0
BRH:0
end_of_record
TN:
SF:models\Events.js
FNF:0
FNH:0
DA:5,1
DA:11,1
LF:2
LH:2
BRF:0
BRH:0
end_of_record
TN:
SF:models\Logs.js
FNF:0
FNH:0
DA:3,1
DA:9,1
LF:2
LH:2
BRF:0
BRH:0
end_of_record
TN:
SF:routes\authroutes.js
FN:23,authroutes
FN:29,(anonymous_1)
FN:41,(anonymous_2)
FN:66,(anonymous_3)
FNF:4
FNH:1
FNDA:1,authroutes
FNDA:0,(anonymous_1)
FNDA:0,(anonymous_2)
FNDA:0,(anonymous_3)
DA:6,1
DA:28,1
DA:30,0
DA:31,0
DA:32,0
DA:41,1
DA:42,0
DA:43,0
DA:44,0
DA:66,1
DA:69,0
DA:76,0
DA:77,0
DA:84,0
LF:14
LH:4
BRDA:31,0,0,0
BRDA:31,0,1,0
BRDA:43,1,0,0
BRDA:43,1,1,0
BRDA:76,2,0,0
BRDA:76,2,1,0
BRF:6
BRH:0
end_of_record
TN:
SF:routes\eventroutes.js
FN:41,eventRoutes
FN:51,(anonymous_1)
FN:93,(anonymous_2)
FN:116,(anonymous_3)
FN:155,(anonymous_4)
FN:229,(anonymous_5)
FN:635,(anonymous_6)
FN:677,(anonymous_7)
FN:733,(anonymous_8)
FN:772,(anonymous_9)
FN:833,(anonymous_10)
FNF:11
FNH:1
FNDA:1,eventRoutes
FNDA:0,(anonymous_1)
FNDA:0,(anonymous_2)
FNDA:0,(anonymous_3)
FNDA:0,(anonymous_4)
FNDA:0,(anonymous_5)
FNDA:0,(anonymous_6)
FNDA:0,(anonymous_7)
FNDA:0,(anonymous_8)
FNDA:0,(anonymous_9)
FNDA:0,(anonymous_10)
DA:3,1
DA:50,1
DA:53,0
DA:54,0
DA:55,0
DA:64,0
DA:66,0
DA:92,1
DA:95,0
DA:99,0
DA:100,0
DA:107,0
DA:115,1
DA:118,0
DA:122,0
DA:123,0
DA:129,0
DA:155,1
DA:160,0
DA:167,0
DA:169,0
DA:171,0
DA:180,0
DA:182,0
DA:184,0
DA:193,0
DA:195,0
DA:197,0
DA:205,0
DA:207,0
DA:209,0
DA:219,0
DA:227,1
DA:232,0
DA:235,0
DA:237,0
DA:239,0
DA:248,0
DA:250,0
DA:252,0
DA:263,0
DA:631,1
DA:636,0
DA:637,0
DA:639,0
DA:643,0
DA:645,0
DA:652,0
DA:654,0
DA:656,0
DA:675,1
DA:679,0
DA:685,0
DA:687,0
DA:693,0
DA:695,0
DA:697,0
DA:705,0
DA:732,1
DA:735,0
DA:741,0
DA:744,0
DA:756,0
DA:768,1
DA:776,0
DA:782,0
DA:784,0
DA:791,0
DA:793,0
DA:795,0
DA:802,0
DA:805,0
DA:807,0
DA:821,0
DA:831,1
DA:835,0
DA:840,0
DA:842,0
DA:849,0
DA:851,0
DA:853,0
DA:860,0
LF:82
LH:11
BRDA:54,0,0,0
BRDA:54,0,1,0
BRDA:99,1,0,0
BRDA:99,1,1,0
BRDA:122,2,0,0
BRDA:122,2,1,0
BRDA:169,3,0,0
BRDA:169,3,1,0
BRDA:182,4,0,0
BRDA:182,4,1,0
BRDA:195,5,0,0
BRDA:195,5,1,0
BRDA:207,6,0,0
BRDA:207,6,1,0
BRDA:237,7,0,0
BRDA:237,7,1,0
BRDA:250,8,0,0
BRDA:250,8,1,0
BRDA:643,9,0,0
BRDA:643,9,1,0
BRDA:654,10,0,0
BRDA:654,10,1,0
BRDA:685,11,0,0
BRDA:685,11,1,0
BRDA:695,12,0,0
BRDA:695,12,1,0
BRDA:741,13,0,0
BRDA:741,13,1,0
BRDA:782,14,0,0
BRDA:782,14,1,0
BRDA:793,15,0,0
BRDA:793,15,1,0
BRDA:805,16,0,0
BRDA:805,16,1,0
BRDA:840,17,0,0
BRDA:840,17,1,0
BRDA:851,18,0,0
BRDA:851,18,1,0
BRF:38
BRH:0
end_of_record
TN:
SF:schemas\createEventSchema.js
FNF:0
FNH:0
DA:4,1
DA:8,1
LF:2
LH:2
BRF:0
BRH:0
end_of_record
TN:
SF:schemas\getbyidEventSchema.js
FNF:0
FNH:0
DA:5,1
DA:9,1
LF:2
LH:2
BRF:0
BRH:0
end_of_record
TN:
SF:schemas\loginUserSchema.js
FNF:0
FNH:0
DA:5,1
LF:1
LH:1
BRF:0
BRH:0
end_of_record
TN:
SF:schemas\posteventidSchema.js
FNF:0
FNH:0
DA:4,1
DA:8,1
LF:2
LH:2
BRF:0
BRH:0
end_of_record
TN:
SF:schemas\registerUserSchema.js
FNF:0
FNH:0
DA:5,1
LF:1
LH:1
BRF:0
BRH:0
end_of_record
TN:
SF:validators\EMcreateEvent.js
FNF:0
FNH:0
DA:5,1
DA:9,1
LF:2
LH:2
BRF:0
BRH:0
end_of_record
TN:
SF:validators\EMgetEvents.js
FNF:0
FNH:0
DA:5,1
DA:8,1
LF:2
LH:2
BRF:0
BRH:0
end_of_record
TN:
SF:validators\EMgetbyidEvent.js
FNF:0
FNH:0
DA:5,1
DA:8,1
LF:2
LH:2
BRF:0
BRH:0
end_of_record
TN:
SF:validators\EMupdateValidation.js
FNF:0
FNH:0
DA:5,1
DA:12,1
DA:19,1
DA:36,1
DA:55,1
DA:65,1
LF:6
LH:6
BRF:0
BRH:0
end_of_record
TN:
SF:validators\EMzdeleteEvent.js
FNF:0
FNH:0
DA:5,1
DA:12,1
DA:20,1
DA:30,1
LF:4
LH:4
BRF:0
BRH:0
end_of_record
TN:
SF:validators\Udelete.js
FNF:0
FNH:0
DA:5,1
DA:17,1
DA:26,1
DA:36,1
LF:4
LH:4
BRF:0
BRH:0
end_of_record
TN:
SF:validators\Ueventbook.js
FNF:0
FNH:0
DA:5,1
DA:17,1
DA:24,1
DA:31,1
LF:4
LH:4
BRF:0
BRH:0
end_of_record
TN:
SF:validators\Ugetall.js
FNF:0
FNH:0
DA:5,1
DA:8,1
LF:2
LH:2
BRF:0
BRH:0
end_of_record
TN:
SF:validators\Uloc.js
FNF:0
FNH:0
DA:5,1
DA:17,1
DA:24,1
DA:31,1
LF:4
LH:4
BRF:0
BRH:0
end_of_record
TN:
SF:validators\Uupdate.js
FNF:0
FNH:0
DA:5,1
DA:17,1
DA:24,1
DA:30,1
DA:40,1
LF:5
LH:5
BRF:0
BRH:0
end_of_record
TN:
SF:validators\login.js
FNF:0
FNH:0
DA:5,1
DA:10,1
LF:2
LH:2
BRF:0
BRH:0
end_of_record
TN:
SF:validators\logout.js
FNF:0
FNH:0
DA:5,1
DA:9,1
LF:2
LH:2
BRF:0
BRH:0
end_of_record
TN:
SF:validators\registration.js
FNF:0
FNH:0
DA:5,1
DA:9,1
LF:2
LH:2
BRF:0
BRH:0
end_of_record
